[11:42:15][PluginLoader][WARNING] Plugins directory not found.
[11:42:15][NATTCore][INFO] NATT CORE initialization done
Version: 1.7.0 
Configuration path: https://gitlab.com/ap5vs/test-config/telnet-client-config/-/raw/main/test-config-2.yaml?ref_type=heads
Configuration loading mode: FROM URL
[11:42:15][NATTCore][INFO] Working directory path: /Users/marek/Library/CloudStorage/OneDrive-UniverzitaTomášeBativeZlíně/3. Ročník/Vývoj síťových aplikací/Moje/telnet-client/telnet-client
[11:42:15][NATTCore][INFO] Start loading of the configuration file ...
[11:42:16][NetworkIO][INFO] Yaml data has been loaded from network location (https://gitlab.com/ap5vs/test-config/telnet-client-config/-/raw/main/test-config-2.yaml?ref_type=heads)
[11:42:16][NATTCore][INFO] Configuration loading done
[11:42:16][NATTCore][INFO] Start building test structure according to the configuration ...
[11:42:16][NATTCore][INFO] Test structure ...
[11:42:16][NATTCore][INFO] Test structure building done
[11:42:16][NATTCore][INFO] Start test executing ...
[11:42:16][TestReportGenerator][INFO] Extenet reports generated. Final report will be saved to file: test_report.html
[11:42:16][NATTCore][INFO] Starts execution on the root keyword  ...
[11:42:16][MessageBuffer][INFO] Message buffer created for module with name: tel-server-1
[11:42:16][TelnetServer][INFO] (tel-server-1) Server socket is listening on port 9999
[11:42:16][MessageBuffer][INFO] Message buffer created for module with name: default
[11:42:16][ExternalProgramRunner][INFO] (default) Run external app with command: java -jar app/build/libs/app.jar localhost 9999
[11:42:16][ProcessManager][INFO] New PID (4488) added to file
[11:42:16][WaitKw][INFO] Waiting: 200 ms
[11:42:16][ProcessManager][INFO] PID (4488) removed from file
[11:42:16][ExternalProgramRunner][WARNING] (default) External application ends with error: 1
[11:42:16][ExternalProgramRunner][WARNING] (default) Error message from external application: Error: Unable to access jarfile app/build/libs/app.jar

[11:42:16][TestSuiteKw][INFO] Test case 'Test odeslání zprávy 1' starts executing now
[11:42:16][ExternalProgramRunner][WARNING] (default) Failed to send data. External app is not running now!
[11:42:16][WaitKw][INFO] Waiting: 500 ms
[11:42:17][ExternalProgramRunner][WARNING] (default) Failed to send data. External app is not running now!
[11:42:17][WaitKw][INFO] Waiting: 1200 ms
[11:42:18][NATTContext][INFO] Data has been stored in to the variable 'var-1'. Data value: 
[11:42:18][NATTContext][INFO] Data has been stored in to the variable 'var-2'. Data value: 
[11:42:18][AssertEqualsKw][WARNING] Assertion failed. True was expected as the result. Condition: (Value of variable '' must equals expected text 'This is test message 1')
[11:42:18][AssertEqualsKw][WARNING] Assertion failed. True was expected as the result. Condition: (Value of variable '' must equals expected text 'Next test message')
[11:42:18][TestSuiteKw][ERROR] Test suite 'Testování odesílání zpráv' - Test case 'Test odeslání zprávy 1' failed
[11:42:18][MessageBuffer][INFO] Message buffer cleared
[11:42:19][TestSuiteKw][INFO] Test case 'Test odeslání zprávy 2' starts executing now
[11:42:19][ExternalProgramRunner][WARNING] (default) Failed to send data. External app is not running now!
[11:42:19][ExternalProgramRunner][WARNING] (default) Failed to send data. External app is not running now!
[11:42:19][ExternalProgramRunner][WARNING] (default) Failed to send data. External app is not running now!
[11:42:19][ExternalProgramRunner][WARNING] (default) Failed to send data. External app is not running now!
[11:42:19][ExternalProgramRunner][WARNING] (default) Failed to send data. External app is not running now!
[11:42:19][WaitKw][INFO] Waiting: 1200 ms
[11:42:20][NATTContext][INFO] Data has been stored in to the variable 'var-1'. Data value: 
[11:42:20][AssertEqualsKw][WARNING] Assertion failed. True was expected as the result. Condition: (Value of variable '' must equals expected text 'This is test message 3')
[11:42:20][NATTContext][INFO] Data has been stored in to the variable 'var-2'. Data value: 0
[11:42:20][AssertEqualsKw][WARNING] Assertion failed. True was expected as the result. Condition: (Expected value '5,000000' must be same as the value of the variable '0')
[11:42:20][TestSuiteKw][ERROR] Test suite 'Testování odesílání zpráv' - Test case 'Test odeslání zprávy 2' failed
[11:42:20][MessageBuffer][INFO] Message buffer cleared
[11:42:21][TestSuiteKw][INFO] Test case 'Test odeslání zprávy 3' starts executing now
[11:42:21][ExternalProgramRunner][WARNING] (default) Failed to send data. External app is not running now!
[11:42:21][ExternalProgramRunner][WARNING] (default) Failed to send data. External app is not running now!
[11:42:21][ExternalProgramRunner][WARNING] (default) Failed to send data. External app is not running now!
[11:42:21][WaitKw][INFO] Waiting: 1200 ms
[11:42:22][NATTContext][INFO] Data has been stored in to the variable 'var-1'. Data value: 
[11:42:22][TestSuiteKw][ERROR] Test suite 'Testování odesílání zpráv' - Test case 'Test odeslání zprávy 3' failed
[11:42:22][MessageBuffer][INFO] Message buffer cleared
[11:42:23][MessageBuffer][INFO] Message buffer cleared
[11:42:23][ExternalProgramRunner][INFO] (default) Run external app with command: java -jar app/build/libs/app.jar localhost 9999
[11:42:23][ProcessManager][INFO] New PID (4500) added to file
[11:42:23][WaitKw][INFO] Waiting: 200 ms
[11:42:23][ProcessManager][INFO] PID (4500) removed from file
[11:42:23][ExternalProgramRunner][WARNING] (default) External application ends with error: 1
[11:42:23][ExternalProgramRunner][WARNING] (default) Error message from external application: Error: Unable to access jarfile app/build/libs/app.jar

[11:42:23][TestSuiteKw][INFO] Test case 'Test přijímání zpráv 1' starts executing now
[11:42:23][TelnetServer][INFO] (tel-server-1) Message send: This is message from server
[11:42:23][WaitKw][INFO] Waiting: 1200 ms
[11:42:24][NATTContext][INFO] Data has been stored in to the variable 'var-1'. Data value: 
[11:42:24][AssertEqualsKw][WARNING] Assertion failed. True was expected as the result. Condition: (Value of variable '' must equals expected text 'This is message from server')
[11:42:24][TestSuiteKw][ERROR] Test suite 'Testování přijímání zpráv' - Test case 'Test přijímání zpráv 1' failed
[11:42:24][MessageBuffer][INFO] Message buffer cleared
[11:42:25][TestSuiteKw][INFO] Test case 'Test přijímání zpráv 2' starts executing now
[11:42:25][TelnetServer][INFO] (tel-server-1) Message send: This is message from server 1
[11:42:25][WaitKw][INFO] Waiting: 400 ms
[11:42:25][TelnetServer][INFO] (tel-server-1) Message send: Next message
[11:42:25][WaitKw][INFO] Waiting: 900 ms
[11:42:26][NATTContext][INFO] Data has been stored in to the variable 'var-1'. Data value: 
[11:42:26][NATTContext][INFO] Data has been stored in to the variable 'var-2'. Data value: 
[11:42:26][AssertEqualsKw][WARNING] Assertion failed. True was expected as the result. Condition: (Value of variable '' must equals expected text 'This is message from server 1')
[11:42:26][AssertEqualsKw][WARNING] Assertion failed. True was expected as the result. Condition: (Value of variable '' must equals expected text 'Next message')
[11:42:26][TestSuiteKw][ERROR] Test suite 'Testování přijímání zpráv' - Test case 'Test přijímání zpráv 2' failed
[11:42:26][MessageBuffer][INFO] Message buffer cleared
[11:42:27][MessageBuffer][INFO] Message buffer cleared
[11:42:27][ExternalProgramRunner][INFO] (default) Run external app with command: java -jar app/build/libs/app.jar localhost 9999
[11:42:27][ProcessManager][INFO] New PID (4507) added to file
[11:42:27][WaitKw][INFO] Waiting: 200 ms
[11:42:27][ProcessManager][INFO] PID (4507) removed from file
[11:42:27][ExternalProgramRunner][WARNING] (default) External application ends with error: 1
[11:42:27][ExternalProgramRunner][WARNING] (default) Error message from external application: Error: Unable to access jarfile app/build/libs/app.jar

[11:42:27][TestSuiteKw][INFO] Test case 'Test ukončení' starts executing now
[11:42:27][ExternalProgramRunner][WARNING] (default) Failed to send data. External app is not running now!
[11:42:27][WaitKw][INFO] Waiting: 1000 ms
[11:42:28][TestSuiteKw][ERROR] Test suite 'Test příkazu pro ukončení' - Test case 'Test ukončení' failed
[11:42:29][MessageBuffer][INFO] Message buffer cleared
[11:42:29][MessageBuffer][INFO] Message buffer cleared
[11:42:29][MessageBuffer][INFO] Message buffer cleared
[11:42:29][TelnetServer][INFO] (tel-server-1) Telnet server [tel-server-1] terminated
[11:42:29][TelnetServer][INFO] (tel-server-1) Server socket closed
[11:42:29][NATTCore][INFO] Test executing finished
[11:42:29][NATTCore][INFO] Start generating test report
[11:42:29][TestReportGenerator][INFO] Report saved to file
[11:42:29][NATTCore][WARNING] Failed test cases: "Test odeslání zprávy 1", "Test odeslání zprávy 2", "Test odeslání zprávy 3", "Test přijímání zpráv 1", "Test přijímání zpráv 2", "Test ukončení"
[11:42:29][NATTCore][INFO] Final score: 0,000000
[11:42:29][NATTCore][ERROR] Testing done. Leaving status: FAILED
