[11:37:24][PluginLoader][WARNING] Plugins directory not found.
[11:37:24][ProcessManager][WARNING] Failed to read PIDs: pid-list.txt (No such file or directory)
[11:37:24][NATTCore][INFO] NATT CORE initialization done
Version: 1.7.0 
Configuration path: https://gitlab.com/ap5vs/test-config/telnet-client-config/-/raw/main/test-config-2.yaml?ref_type=heads
Configuration loading mode: FROM URL
[11:37:24][NATTCore][INFO] Working directory path: /Users/marek/Library/CloudStorage/OneDrive-UniverzitaTomášeBativeZlíně/3. Ročník/Vývoj síťových aplikací/Moje/telnet-client/telnet-client
[11:37:24][NATTCore][INFO] Start loading of the configuration file ...
[11:37:25][NetworkIO][INFO] Yaml data has been loaded from network location (https://gitlab.com/ap5vs/test-config/telnet-client-config/-/raw/main/test-config-2.yaml?ref_type=heads)
[11:37:25][NATTCore][INFO] Configuration loading done
[11:37:25][NATTCore][INFO] Start building test structure according to the configuration ...
[11:37:25][NATTCore][INFO] Test structure ...
[11:37:25][NATTCore][INFO] Test structure building done
[11:37:25][NATTCore][INFO] Start test executing ...
[11:37:25][TestReportGenerator][INFO] Extenet reports generated. Final report will be saved to file: test_report.html
[11:37:25][NATTCore][INFO] Starts execution on the root keyword  ...
[11:37:25][MessageBuffer][INFO] Message buffer created for module with name: tel-server-1
[11:37:25][TelnetServer][INFO] (tel-server-1) Server socket is listening on port 9999
[11:37:25][MessageBuffer][INFO] Message buffer created for module with name: default
[11:37:25][ExternalProgramRunner][INFO] (default) Run external app with command: java -jar app/build/libs/app.jar localhost 9999
[11:37:25][ProcessManager][INFO] New PID (3993) added to file
[11:37:25][WaitKw][INFO] Waiting: 200 ms
[11:37:25][ProcessManager][INFO] PID (3993) removed from file
[11:37:25][ExternalProgramRunner][WARNING] (default) External application ends with error: 1
[11:37:25][ExternalProgramRunner][WARNING] (default) Error message from external application: Error: Unable to access jarfile app/build/libs/app.jar

[11:37:26][TestSuiteKw][INFO] Test case 'Test odeslání zprávy 1' starts executing now
[11:37:26][ExternalProgramRunner][WARNING] (default) Failed to send data. External app is not running now!
[11:37:26][WaitKw][INFO] Waiting: 500 ms
[11:37:26][ExternalProgramRunner][WARNING] (default) Failed to send data. External app is not running now!
[11:37:26][WaitKw][INFO] Waiting: 1200 ms
[11:37:27][NATTContext][INFO] Data has been stored in to the variable 'var-1'. Data value: 
[11:37:27][NATTContext][INFO] Data has been stored in to the variable 'var-2'. Data value: 
[11:37:27][AssertEqualsKw][WARNING] Assertion failed. True was expected as the result. Condition: (Value of variable '' must equals expected text 'This is test message 1')
[11:37:27][AssertEqualsKw][WARNING] Assertion failed. True was expected as the result. Condition: (Value of variable '' must equals expected text 'Next test message')
[11:37:27][TestSuiteKw][ERROR] Test suite 'Testování odesílání zpráv' - Test case 'Test odeslání zprávy 1' failed
[11:37:27][MessageBuffer][INFO] Message buffer cleared
[11:37:28][TestSuiteKw][INFO] Test case 'Test odeslání zprávy 2' starts executing now
[11:37:28][ExternalProgramRunner][WARNING] (default) Failed to send data. External app is not running now!
[11:37:28][ExternalProgramRunner][WARNING] (default) Failed to send data. External app is not running now!
[11:37:28][ExternalProgramRunner][WARNING] (default) Failed to send data. External app is not running now!
[11:37:28][ExternalProgramRunner][WARNING] (default) Failed to send data. External app is not running now!
[11:37:28][ExternalProgramRunner][WARNING] (default) Failed to send data. External app is not running now!
[11:37:28][WaitKw][INFO] Waiting: 1200 ms
[11:37:29][NATTContext][INFO] Data has been stored in to the variable 'var-1'. Data value: 
[11:37:29][AssertEqualsKw][WARNING] Assertion failed. True was expected as the result. Condition: (Value of variable '' must equals expected text 'This is test message 3')
[11:37:29][NATTContext][INFO] Data has been stored in to the variable 'var-2'. Data value: 0
[11:37:29][AssertEqualsKw][WARNING] Assertion failed. True was expected as the result. Condition: (Expected value '5,000000' must be same as the value of the variable '0')
[11:37:29][TestSuiteKw][ERROR] Test suite 'Testování odesílání zpráv' - Test case 'Test odeslání zprávy 2' failed
[11:37:29][MessageBuffer][INFO] Message buffer cleared
[11:37:30][TestSuiteKw][INFO] Test case 'Test odeslání zprávy 3' starts executing now
[11:37:30][ExternalProgramRunner][WARNING] (default) Failed to send data. External app is not running now!
[11:37:30][ExternalProgramRunner][WARNING] (default) Failed to send data. External app is not running now!
[11:37:30][ExternalProgramRunner][WARNING] (default) Failed to send data. External app is not running now!
[11:37:30][WaitKw][INFO] Waiting: 1200 ms
[11:37:31][NATTContext][INFO] Data has been stored in to the variable 'var-1'. Data value: 
[11:37:31][TestSuiteKw][ERROR] Test suite 'Testování odesílání zpráv' - Test case 'Test odeslání zprávy 3' failed
[11:37:31][MessageBuffer][INFO] Message buffer cleared
[11:37:32][MessageBuffer][INFO] Message buffer cleared
[11:37:32][ExternalProgramRunner][INFO] (default) Run external app with command: java -jar app/build/libs/app.jar localhost 9999
[11:37:32][ProcessManager][INFO] New PID (4003) added to file
[11:37:32][WaitKw][INFO] Waiting: 200 ms
[11:37:32][ProcessManager][INFO] PID (4003) removed from file
[11:37:32][ExternalProgramRunner][WARNING] (default) External application ends with error: 1
[11:37:32][ExternalProgramRunner][WARNING] (default) Error message from external application: Error: Unable to access jarfile app/build/libs/app.jar

[11:37:32][TestSuiteKw][INFO] Test case 'Test přijímání zpráv 1' starts executing now
[11:37:32][TelnetServer][INFO] (tel-server-1) Message send: This is message from server
[11:37:32][WaitKw][INFO] Waiting: 1200 ms
[11:37:33][NATTContext][INFO] Data has been stored in to the variable 'var-1'. Data value: 
[11:37:33][AssertEqualsKw][WARNING] Assertion failed. True was expected as the result. Condition: (Value of variable '' must equals expected text 'This is message from server')
[11:37:33][TestSuiteKw][ERROR] Test suite 'Testování přijímání zpráv' - Test case 'Test přijímání zpráv 1' failed
[11:37:33][MessageBuffer][INFO] Message buffer cleared
[11:37:34][TestSuiteKw][INFO] Test case 'Test přijímání zpráv 2' starts executing now
[11:37:34][TelnetServer][INFO] (tel-server-1) Message send: This is message from server 1
[11:37:34][WaitKw][INFO] Waiting: 400 ms
[11:37:35][TelnetServer][INFO] (tel-server-1) Message send: Next message
[11:37:35][WaitKw][INFO] Waiting: 900 ms
[11:37:35][NATTContext][INFO] Data has been stored in to the variable 'var-1'. Data value: 
[11:37:35][NATTContext][INFO] Data has been stored in to the variable 'var-2'. Data value: 
[11:37:35][AssertEqualsKw][WARNING] Assertion failed. True was expected as the result. Condition: (Value of variable '' must equals expected text 'This is message from server 1')
[11:37:35][AssertEqualsKw][WARNING] Assertion failed. True was expected as the result. Condition: (Value of variable '' must equals expected text 'Next message')
[11:37:35][TestSuiteKw][ERROR] Test suite 'Testování přijímání zpráv' - Test case 'Test přijímání zpráv 2' failed
[11:37:36][MessageBuffer][INFO] Message buffer cleared
[11:37:36][MessageBuffer][INFO] Message buffer cleared
[11:37:36][ExternalProgramRunner][INFO] (default) Run external app with command: java -jar app/build/libs/app.jar localhost 9999
[11:37:36][ProcessManager][INFO] New PID (4010) added to file
[11:37:36][WaitKw][INFO] Waiting: 200 ms
[11:37:36][ProcessManager][INFO] PID (4010) removed from file
[11:37:36][ExternalProgramRunner][WARNING] (default) External application ends with error: 1
[11:37:36][ExternalProgramRunner][WARNING] (default) Error message from external application: Error: Unable to access jarfile app/build/libs/app.jar

[11:37:37][TestSuiteKw][INFO] Test case 'Test ukončení' starts executing now
[11:37:37][ExternalProgramRunner][WARNING] (default) Failed to send data. External app is not running now!
[11:37:37][WaitKw][INFO] Waiting: 1000 ms
[11:37:38][TestSuiteKw][ERROR] Test suite 'Test příkazu pro ukončení' - Test case 'Test ukončení' failed
[11:37:38][MessageBuffer][INFO] Message buffer cleared
[11:37:39][MessageBuffer][INFO] Message buffer cleared
[11:37:39][MessageBuffer][INFO] Message buffer cleared
[11:37:39][TelnetServer][INFO] (tel-server-1) Telnet server [tel-server-1] terminated
[11:37:39][TelnetServer][INFO] (tel-server-1) Server socket closed
[11:37:39][NATTCore][INFO] Test executing finished
[11:37:39][NATTCore][INFO] Start generating test report
[11:37:39][TestReportGenerator][INFO] Report saved to file
[11:37:39][NATTCore][WARNING] Failed test cases: "Test odeslání zprávy 1", "Test odeslání zprávy 2", "Test odeslání zprávy 3", "Test přijímání zpráv 1", "Test přijímání zpráv 2", "Test ukončení"
[11:37:39][NATTCore][INFO] Final score: 0,000000
[11:37:39][NATTCore][ERROR] Testing done. Leaving status: FAILED
